<announcement
    title="Test Announcement"
    upload_at="Jan 20, 2025, 11:59 PM"
>
    This is a test announcement.
</announcement>